LOADING MODULES...

SETTING THREADS AFFINITY POLICY...

COMPILING EXECUTABLES...

mpicc -fopenmp -DTIME src/parallel_gol.c src/gol_lib.c -c
ar -rc libgol.a *.o
mpicc -fopenmp -DTIME src/parallel_gol.c -L. -lgol -o /u/dssc/ttarch00/Foundations_of_HPC-FinalProject/exercise1/THIN/openMP_scal/parallel_gol.x
#mpicc -fopenmp -DTIME src/parallel_gol_unique.c -o /u/dssc/ttarch00/Foundations_of_HPC-FinalProject/exercise1/THIN/openMP_scal/parallel_gol.x

-------------------------------------------------------------
-------------------------------------------------------------

CREATING/OVERWRITING CSV FILE...

PERFORMING MEASURES...

I'm thread 0 on process 1
I'm thread 10 on process 1
I'm thread 2 on process 1
I'm thread 9 on process 1
I'm thread 11 on process 1
I'm thread 0 on process 0
I'm thread 7 on process 1
I'm thread 6 on process 1
I'm thread 9 on process 0
I'm thread 5 on process 1
I'm thread 1 on process 1
I'm thread 2 on process 0
I'm thread 6 on process 0
I'm thread 8 on process 0
I'm thread 4 on process 0
I'm thread 1 on process 0
I'm thread 11 on process 0
I'm thread 3 on process 0
I'm thread 10 on process 0
I'm thread 7 on process 0
I'm thread 8 on process 1
I'm thread 3 on process 1
I'm thread 4 on process 1
I'm thread 5 on process 0
creating a random playground...

-- no output file was passed - initial conditions will be written to ../../images/game_of_life.pgm

I'm thread 0 on process 0
-- no file with initial playground was passed - the program will try to read from ../../images/game_of_life.pgm

I'm thread 0 on process 1
using ordered evolution...

elapsed time for ordered evolution: 76.117958 sec

I'm thread 0 on process 1
I'm thread 0 on process 0
-- no file with initial playground was passed - the program will try to read from ../../images/game_of_life.pgm

using static evolution with auxiliary grid...

elapsed time for static evolution with auxiliary grid: 38.104153 sec

I'm thread 0 on process 1
I'm thread 0 on process 0
-- no file with initial playground was passed - the program will try to read from ../../images/game_of_life.pgm

using static evolution without auxiliary grid ('in place')...

elapsed time for static evolution in place: 40.175907 sec


-----------

I'm thread 0 on process 0
I'm thread 1 on process 0
-- no file with initial playground was passed - the program will try to read from ../../images/game_of_life.pgm

I'm thread 0 on process 1
I'm thread 1 on process 1
using ordered evolution...

elapsed time for ordered evolution: 76.134763 sec

I'm thread 0 on process 1
I'm thread 1 on process 1
I'm thread 0 on process 0
I'm thread 1 on process 0
-- no file with initial playground was passed - the program will try to read from ../../images/game_of_life.pgm

using static evolution with auxiliary grid...

elapsed time for static evolution with auxiliary grid: 19.080863 sec

I'm thread 0 on process 0
I'm thread 1 on process 0
-- no file with initial playground was passed - the program will try to read from ../../images/game_of_life.pgm

I'm thread 0 on process 1
I'm thread 1 on process 1
using static evolution without auxiliary grid ('in place')...

elapsed time for static evolution in place: 20.138782 sec


-----------

I'm thread 0 on process 0
I'm thread 2 on process 0
I'm thread 1 on process 0
-- no file with initial playground was passed - the program will try to read from ../../images/game_of_life.pgm

I'm thread 0 on process 1
I'm thread 1 on process 1
I'm thread 2 on process 1
using ordered evolution...

elapsed time for ordered evolution: 76.219084 sec

I'm thread 0 on process 0
I'm thread 2 on process 0
I'm thread 1 on process 0
-- no file with initial playground was passed - the program will try to read from ../../images/game_of_life.pgm

I'm thread 0 on process 1
I'm thread 2 on process 1
I'm thread 1 on process 1
using static evolution with auxiliary grid...

elapsed time for static evolution with auxiliary grid: 12.709987 sec

I'm thread 0 on process 1
I'm thread 2 on process 1
I'm thread 1 on process 1
I'm thread 0 on process 0
I'm thread 2 on process 0
I'm thread 1 on process 0
-- no file with initial playground was passed - the program will try to read from ../../images/game_of_life.pgm

using static evolution without auxiliary grid ('in place')...

elapsed time for static evolution in place: 13.435472 sec


-----------

I'm thread 0 on process 1
I'm thread 3 on process 1
I'm thread 1 on process 1
I'm thread 2 on process 1
I'm thread 0 on process 0
I'm thread 2 on process 0
I'm thread 3 on process 0
I'm thread 1 on process 0
-- no file with initial playground was passed - the program will try to read from ../../images/game_of_life.pgm

using ordered evolution...

elapsed time for ordered evolution: 76.363301 sec

I'm thread 0 on process 0
I'm thread 1 on process 0
I'm thread 3 on process 0
I'm thread 2 on process 0
-- no file with initial playground was passed - the program will try to read from ../../images/game_of_life.pgm

I'm thread 0 on process 1
I'm thread 2 on process 1
I'm thread 3 on process 1
I'm thread 1 on process 1
using static evolution with auxiliary grid...

elapsed time for static evolution with auxiliary grid: 9.503013 sec

I'm thread 0 on process 0
I'm thread 1 on process 0
I'm thread 0 on process 1
I'm thread 3 on process 1
I'm thread 2 on process 1
I'm thread 3 on process 0
I'm thread 2 on process 0
-- no file with initial playground was passed - the program will try to read from ../../images/game_of_life.pgm

I'm thread 1 on process 1
using static evolution without auxiliary grid ('in place')...

elapsed time for static evolution in place: 10.079378 sec


-----------

I'm thread 0 on process 1
I'm thread 4 on process 1
I'm thread 1 on process 1
I'm thread 3 on process 1
I'm thread 0 on process 0
I'm thread 2 on process 0
I'm thread 2 on process 1
I'm thread 4 on process 0
I'm thread 3 on process 0
I'm thread 1 on process 0
-- no file with initial playground was passed - the program will try to read from ../../images/game_of_life.pgm

using ordered evolution...

elapsed time for ordered evolution: 76.520845 sec

I'm thread 0 on process 0
I'm thread 1 on process 0
I'm thread 4 on process 0
I'm thread 3 on process 0
I'm thread 2 on process 0
-- no file with initial playground was passed - the program will try to read from ../../images/game_of_life.pgm

I'm thread 0 on process 1
I'm thread 1 on process 1
I'm thread 3 on process 1
I'm thread 2 on process 1
I'm thread 4 on process 1
using static evolution with auxiliary grid...

elapsed time for static evolution with auxiliary grid: 7.644920 sec

I'm thread 0 on process 0
I'm thread 2 on process 0
I'm thread 4 on process 0
I'm thread 1 on process 0
I'm thread 3 on process 0
-- no file with initial playground was passed - the program will try to read from ../../images/game_of_life.pgm

I'm thread 0 on process 1
I'm thread 2 on process 1
I'm thread 4 on process 1
I'm thread 1 on process 1
I'm thread 3 on process 1
using static evolution without auxiliary grid ('in place')...

elapsed time for static evolution in place: 8.069870 sec


-----------

I'm thread 0 on process 1
I'm thread 4 on process 1
I'm thread 2 on process 1
I'm thread 5 on process 1
I'm thread 3 on process 1
I'm thread 1 on process 1
I'm thread 0 on process 0
I'm thread 5 on process 0
I'm thread 2 on process 0
I'm thread 3 on process 0
I'm thread 1 on process 0
I'm thread 4 on process 0
-- no file with initial playground was passed - the program will try to read from ../../images/game_of_life.pgm

using ordered evolution...

elapsed time for ordered evolution: 76.641783 sec

I'm thread 0 on process 1
I'm thread 1 on process 1
I'm thread 2 on process 1
I'm thread 5 on process 1
I'm thread 4 on process 1
I'm thread 3 on process 1
I'm thread 0 on process 0
I'm thread 3 on process 0
I'm thread 1 on process 0
I'm thread 5 on process 0
I'm thread 2 on process 0
I'm thread 4 on process 0
-- no file with initial playground was passed - the program will try to read from ../../images/game_of_life.pgm

using static evolution with auxiliary grid...

elapsed time for static evolution with auxiliary grid: 6.355084 sec

I'm thread 0 on process 0
I'm thread 4 on process 0
I'm thread 5 on process 0
I'm thread 2 on process 0
I'm thread 3 on process 0
I'm thread 1 on process 0
-- no file with initial playground was passed - the program will try to read from ../../images/game_of_life.pgm

I'm thread 0 on process 1
I'm thread 1 on process 1
I'm thread 5 on process 1
I'm thread 4 on process 1
I'm thread 2 on process 1
I'm thread 3 on process 1
using static evolution without auxiliary grid ('in place')...

elapsed time for static evolution in place: 6.719547 sec


-----------

I'm thread 0 on process 0
I'm thread 5 on process 0
I'm thread 2 on process 0
I'm thread 3 on process 0
I'm thread 6 on process 0
I'm thread 1 on process 0
I'm thread 4 on process 0
-- no file with initial playground was passed - the program will try to read from ../../images/game_of_life.pgm

I'm thread 0 on process 1
I'm thread 5 on process 1
I'm thread 6 on process 1
I'm thread 2 on process 1
I'm thread 3 on process 1
I'm thread 4 on process 1
I'm thread 1 on process 1
using ordered evolution...

elapsed time for ordered evolution: 76.631599 sec

I'm thread 0 on process 1
I'm thread 6 on process 1
I'm thread 2 on process 1
I'm thread 5 on process 1
I'm thread 4 on process 1
I'm thread 3 on process 1
I'm thread 1 on process 1
I'm thread 0 on process 0
I'm thread 2 on process 0
I'm thread 5 on process 0
I'm thread 4 on process 0
I'm thread 6 on process 0
I'm thread 1 on process 0
I'm thread 3 on process 0
-- no file with initial playground was passed - the program will try to read from ../../images/game_of_life.pgm

using static evolution with auxiliary grid...

elapsed time for static evolution with auxiliary grid: 5.418605 sec

I'm thread 0 on process 1
I'm thread 6 on process 1
I'm thread 4 on process 1
I'm thread 2 on process 1
I'm thread 1 on process 1
I'm thread 3 on process 1
I'm thread 5 on process 1
I'm thread 0 on process 0
I'm thread 4 on process 0
I'm thread 6 on process 0
I'm thread 5 on process 0
I'm thread 1 on process 0
I'm thread 2 on process 0
I'm thread 3 on process 0
-- no file with initial playground was passed - the program will try to read from ../../images/game_of_life.pgm

using static evolution without auxiliary grid ('in place')...

elapsed time for static evolution in place: 5.785036 sec


-----------

I'm thread 0 on process 0
I'm thread 5 on process 0
I'm thread 6 on process 0
I'm thread 7 on process 0
I'm thread 3 on process 0
I'm thread 2 on process 0
I'm thread 4 on process 0
I'm thread 0 on process 1
I'm thread 1 on process 0
-- no file with initial playground was passed - the program will try to read from ../../images/game_of_life.pgm

I'm thread 3 on process 1
I'm thread 5 on process 1
I'm thread 6 on process 1
I'm thread 7 on process 1
I'm thread 4 on process 1
I'm thread 2 on process 1
I'm thread 1 on process 1
using ordered evolution...

elapsed time for ordered evolution: 76.829887 sec

I'm thread 0 on process 0
I'm thread 2 on process 0
I'm thread 3 on process 0
I'm thread 1 on process 0
I'm thread 6 on process 0
I'm thread 4 on process 0
I'm thread 7 on process 0
I'm thread 5 on process 0
-- no file with initial playground was passed - the program will try to read from ../../images/game_of_life.pgm

I'm thread 0 on process 1
I'm thread 7 on process 1
I'm thread 1 on process 1
I'm thread 5 on process 1
I'm thread 6 on process 1
I'm thread 4 on process 1
I'm thread 3 on process 1
I'm thread 2 on process 1
using static evolution with auxiliary grid...

elapsed time for static evolution with auxiliary grid: 4.744921 sec

I'm thread 0 on process 1
I'm thread 7 on process 1
I'm thread 5 on process 1
I'm thread 3 on process 1
I'm thread 0 on process 0
I'm thread 4 on process 0
I'm thread 6 on process 1
I'm thread 4 on process 1
I'm thread 1 on process 1
I'm thread 2 on process 0
I'm thread 2 on process 1
I'm thread 3 on process 0
I'm thread 1 on process 0
I'm thread 5 on process 0
I'm thread 6 on process 0
I'm thread 7 on process 0
-- no file with initial playground was passed - the program will try to read from ../../images/game_of_life.pgm

using static evolution without auxiliary grid ('in place')...

elapsed time for static evolution in place: 5.062406 sec


-----------

I'm thread 0 on process 1
I'm thread 7 on process 1
I'm thread 6 on process 1
I'm thread 0 on process 0
I'm thread 8 on process 0
I'm thread 2 on process 0
I'm thread 6 on process 0
I'm thread 1 on process 1
I'm thread 2 on process 1
I'm thread 3 on process 0
I'm thread 7 on process 0
I'm thread 4 on process 0
I'm thread 1 on process 0
I'm thread 5 on process 1
I'm thread 4 on process 1
I'm thread 3 on process 1
I'm thread 5 on process 0
-- no file with initial playground was passed - the program will try to read from ../../images/game_of_life.pgm

I'm thread 8 on process 1
using ordered evolution...

elapsed time for ordered evolution: 76.856986 sec

I'm thread 0 on process 1
I'm thread 6 on process 1
I'm thread 5 on process 1
I'm thread 1 on process 1
I'm thread 0 on process 0
I'm thread 2 on process 0
I'm thread 8 on process 1
I'm thread 4 on process 1
I'm thread 7 on process 1
I'm thread 8 on process 0
I'm thread 2 on process 1
I'm thread 3 on process 1
I'm thread 4 on process 0
I'm thread 3 on process 0
I'm thread 7 on process 0
I'm thread 5 on process 0
I'm thread 1 on process 0
I'm thread 6 on process 0
-- no file with initial playground was passed - the program will try to read from ../../images/game_of_life.pgm

using static evolution with auxiliary grid...

elapsed time for static evolution with auxiliary grid: 4.227041 sec

I'm thread 0 on process 1
I'm thread 8 on process 1
I'm thread 1 on process 1
I'm thread 2 on process 1
I'm thread 3 on process 1
I'm thread 6 on process 1
I'm thread 5 on process 1
I'm thread 7 on process 1
I'm thread 4 on process 1
I'm thread 0 on process 0
I'm thread 4 on process 0
I'm thread 8 on process 0
I'm thread 1 on process 0
I'm thread 2 on process 0
I'm thread 3 on process 0
I'm thread 6 on process 0
I'm thread 7 on process 0
I'm thread 5 on process 0
-- no file with initial playground was passed - the program will try to read from ../../images/game_of_life.pgm

using static evolution without auxiliary grid ('in place')...

elapsed time for static evolution in place: 4.491974 sec


-----------

I'm thread 0 on process 1
I'm thread 8 on process 1
I'm thread 7 on process 1
I'm thread 5 on process 1
I'm thread 4 on process 1
I'm thread 2 on process 1
I'm thread 9 on process 1
I'm thread 0 on process 0
I'm thread 9 on process 0
I'm thread 1 on process 0
I'm thread 3 on process 1
I'm thread 6 on process 1
I'm thread 1 on process 1
I'm thread 2 on process 0
I'm thread 4 on process 0
I'm thread 6 on process 0
I'm thread 5 on process 0
I'm thread 7 on process 0
I'm thread 8 on process 0
I'm thread 3 on process 0
-- no file with initial playground was passed - the program will try to read from ../../images/game_of_life.pgm

using ordered evolution...

elapsed time for ordered evolution: 77.001312 sec

I'm thread 0 on process 1
I'm thread 6 on process 1
I'm thread 1 on process 1
I'm thread 5 on process 1
I'm thread 9 on process 1
I'm thread 3 on process 1
I'm thread 7 on process 1
I'm thread 8 on process 1
I'm thread 4 on process 1
I'm thread 2 on process 1
I'm thread 0 on process 0
I'm thread 9 on process 0
I'm thread 3 on process 0
I'm thread 6 on process 0
I'm thread 4 on process 0
I'm thread 2 on process 0
I'm thread 8 on process 0
I'm thread 1 on process 0
I'm thread 5 on process 0
I'm thread 7 on process 0
-- no file with initial playground was passed - the program will try to read from ../../images/game_of_life.pgm

using static evolution with auxiliary grid...

elapsed time for static evolution with auxiliary grid: 3.811133 sec

I'm thread 0 on process 1
I'm thread 8 on process 1
I'm thread 9 on process 1
I'm thread 4 on process 1
I'm thread 3 on process 1
I'm thread 5 on process 1
I'm thread 7 on process 1
I'm thread 1 on process 1
I'm thread 2 on process 1
I'm thread 6 on process 1
I'm thread 0 on process 0
I'm thread 7 on process 0
I'm thread 9 on process 0
I'm thread 2 on process 0
I'm thread 3 on process 0
I'm thread 6 on process 0
I'm thread 4 on process 0
I'm thread 1 on process 0
I'm thread 8 on process 0
I'm thread 5 on process 0
-- no file with initial playground was passed - the program will try to read from ../../images/game_of_life.pgm

using static evolution without auxiliary grid ('in place')...

elapsed time for static evolution in place: 4.039791 sec


-----------

I'm thread 0 on process 0
I'm thread 8 on process 0
I'm thread 5 on process 0
I'm thread 7 on process 0
I'm thread 3 on process 0
I'm thread 6 on process 0
I'm thread 10 on process 0
I'm thread 4 on process 0
I'm thread 1 on process 0
I'm thread 0 on process 1
I'm thread 4 on process 1
I'm thread 10 on process 1
I'm thread 9 on process 0
I'm thread 3 on process 1
I'm thread 2 on process 0
-- no file with initial playground was passed - the program will try to read from ../../images/game_of_life.pgm

I'm thread 6 on process 1
I'm thread 2 on process 1
I'm thread 8 on process 1
I'm thread 5 on process 1
I'm thread 9 on process 1
I'm thread 1 on process 1
I'm thread 7 on process 1
using ordered evolution...

elapsed time for ordered evolution: 77.130962 sec

I'm thread 0 on process 1
I'm thread 2 on process 1
I'm thread 3 on process 1
I'm thread 9 on process 1
I'm thread 10 on process 1
I'm thread 6 on process 1
I'm thread 8 on process 1
I'm thread 7 on process 1
I'm thread 0 on process 0
I'm thread 4 on process 0
I'm thread 4 on process 1
I'm thread 1 on process 1
I'm thread 5 on process 1
I'm thread 3 on process 0
I'm thread 1 on process 0
I'm thread 7 on process 0
I'm thread 6 on process 0
I'm thread 9 on process 0
I'm thread 8 on process 0
I'm thread 2 on process 0
I'm thread 5 on process 0
I'm thread 10 on process 0
-- no file with initial playground was passed - the program will try to read from ../../images/game_of_life.pgm

using static evolution with auxiliary grid...

elapsed time for static evolution with auxiliary grid: 3.483894 sec

I'm thread 0 on process 1
I'm thread 4 on process 1
I'm thread 10 on process 1
I'm thread 8 on process 1
I'm thread 9 on process 1
I'm thread 5 on process 1
I'm thread 0 on process 0
I'm thread 9 on process 0
I'm thread 10 on process 0
I'm thread 8 on process 0
I'm thread 3 on process 0
I'm thread 1 on process 0
I'm thread 2 on process 0
I'm thread 4 on process 0
I'm thread 7 on process 0
I'm thread 6 on process 0
I'm thread 3 on process 1
I'm thread 1 on process 1
I'm thread 2 on process 1
I'm thread 6 on process 1
I'm thread 7 on process 1
I'm thread 5 on process 0
-- no file with initial playground was passed - the program will try to read from ../../images/game_of_life.pgm

using static evolution without auxiliary grid ('in place')...

elapsed time for static evolution in place: 3.690855 sec


-----------

I'm thread 0 on process 1
I'm thread 11 on process 1
I'm thread 0 on process 0
I'm thread 9 on process 0
I'm thread 8 on process 1
I'm thread 3 on process 1
I'm thread 6 on process 1
I'm thread 10 on process 1
I'm thread 7 on process 1
I'm thread 2 on process 1
I'm thread 7 on process 0
I'm thread 10 on process 0
I'm thread 5 on process 0
I'm thread 2 on process 0
I'm thread 6 on process 0
I'm thread 9 on process 1
I'm thread 11 on process 0
I'm thread 1 on process 0
I'm thread 3 on process 0
I'm thread 8 on process 0
I'm thread 4 on process 0
I'm thread 1 on process 1
I'm thread 4 on process 1
-- no file with initial playground was passed - the program will try to read from ../../images/game_of_life.pgm

I'm thread 5 on process 1
using ordered evolution...

elapsed time for ordered evolution: 77.333525 sec

I'm thread 0 on process 1
I'm thread 2 on process 1
I'm thread 3 on process 1
I'm thread 7 on process 1
I'm thread 4 on process 1
I'm thread 8 on process 1
I'm thread 10 on process 1
I'm thread 6 on process 1
I'm thread 5 on process 1
I'm thread 1 on process 1
I'm thread 9 on process 1
I'm thread 11 on process 1
I'm thread 0 on process 0
I'm thread 11 on process 0
I'm thread 5 on process 0
I'm thread 2 on process 0
I'm thread 7 on process 0
I'm thread 4 on process 0
I'm thread 10 on process 0
I'm thread 8 on process 0
I'm thread 3 on process 0
I'm thread 1 on process 0
I'm thread 6 on process 0
I'm thread 9 on process 0
-- no file with initial playground was passed - the program will try to read from ../../images/game_of_life.pgm

using static evolution with auxiliary grid...

elapsed time for static evolution with auxiliary grid: 3.201571 sec

I'm thread 0 on process 0
I'm thread 10 on process 0
I'm thread 9 on process 0
I'm thread 11 on process 0
I'm thread 1 on process 0
I'm thread 5 on process 0
I'm thread 2 on process 0
I'm thread 4 on process 0
I'm thread 6 on process 0
I'm thread 7 on process 0
I'm thread 8 on process 0
I'm thread 0 on process 1
I'm thread 11 on process 1
I'm thread 3 on process 1
I'm thread 2 on process 1
I'm thread 4 on process 1
I'm thread 3 on process 0
-- no file with initial playground was passed - the program will try to read from ../../images/game_of_life.pgm

I'm thread 8 on process 1
I'm thread 9 on process 1
I'm thread 10 on process 1
I'm thread 7 on process 1
I'm thread 1 on process 1
I'm thread 6 on process 1
I'm thread 5 on process 1
using static evolution without auxiliary grid ('in place')...

elapsed time for static evolution in place: 3.389135 sec


-----------


-------------------------------------------------------------
-------------------------------------------------------------

RELEASING LOADED MODULES AND CLEANING FROM EXECUTABLES AND IMAGES...
rm /u/dssc/ttarch00/Foundations_of_HPC-FinalProject/exercise1/THIN/openMP_scal/*.x *.o *.a
rm images/snapshots/*.pgm
rm images/*.pgm
